<?xml version="1.0" encoding="UTF-8"?>
<testng-results ignored="0" total="1" passed="1" failed="0" skipped="0">
  <reporter-output>
  </reporter-output>
  <suite started-at="2025-04-21T10:42:50 EDT" name="Default suite" finished-at="2025-04-21T10:42:53 EDT" duration-ms="3307">
    <groups>
    </groups>
    <test started-at="2025-04-21T10:42:50 EDT" name="Default test" finished-at="2025-04-21T10:42:53 EDT" duration-ms="3307">
      <class name="ModalDialogsTest">
        <test-method is-config="true" signature="setup()[pri:0, instance:ModalDialogsTest@30c15d8b]" started-at="2025-04-21T10:42:50 EDT" name="setup" finished-at="2025-04-21T10:42:51 EDT" duration-ms="1286" status="PASS">
          <reporter-output>
          </reporter-output>
        </test-method> <!-- setup -->
        <test-method signature="clickSmallModelOrLargeModel()[pri:0, instance:ModalDialogsTest@30c15d8b]" started-at="2025-04-21T10:42:51 EDT" name="clickSmallModelOrLargeModel" finished-at="2025-04-21T10:42:53 EDT" duration-ms="2004" status="PASS">
          <reporter-output>
          </reporter-output>
        </test-method> <!-- clickSmallModelOrLargeModel -->
      </class> <!-- ModalDialogsTest -->
    </test> <!-- Default test -->
  </suite> <!-- Default suite -->
</testng-results>
